<?xml version="1.0" encoding="UTF-8" ?>
<testsuite failures="0" time="15.015" errors="0" skipped="0" tests="6" name="taskmodule.DataModel.DataModelTest">
  <properties>
    <property name="java.vendor" value="Sun Microsystems Inc."/>
    <property name="localRepository" value="C:\Documents and Settings\Administrator\.m2\repository"/>
    <property name="env.VS90COMNTOOLS" value="c:\Program Files\Microsoft Visual Studio 9.0\Common7\Tools\"/>
    <property name="sun.java.launcher" value="SUN_STANDARD"/>
    <property name="sun.management.compiler" value="HotSpot Client Compiler"/>
    <property name="env.PROMPT" value="$P$G"/>
    <property name="os.name" value="Windows XP"/>
    <property name="env.FP_NO_HOST_CHECK" value="NO"/>
    <property name="sun.boot.class.path" value="C:\Program Files\Java\jdk1.6.0_17\jre\lib\resources.jar;C:\Program Files\Java\jdk1.6.0_17\jre\lib\rt.jar;C:\Program Files\Java\jdk1.6.0_17\jre\lib\sunrsasign.jar;C:\Program Files\Java\jdk1.6.0_17\jre\lib\jsse.jar;C:\Program Files\Java\jdk1.6.0_17\jre\lib\jce.jar;C:\Program Files\Java\jdk1.6.0_17\jre\lib\charsets.jar;C:\Program Files\Java\jdk1.6.0_17\jre\classes"/>
    <property name="env.COMPUTERNAME" value="COM100"/>
    <property name="env.ALLUSERSPROFILE" value="C:\Documents and Settings\All Users"/>
    <property name="sun.desktop" value="windows"/>
    <property name="java.vm.specification.vendor" value="Sun Microsystems Inc."/>
    <property name="java.runtime.version" value="1.6.0_17-b04"/>
    <property name="env.HOMEPATH" value="\Documents and Settings\Administrator"/>
    <property name="user.name" value="Administrator"/>
    <property name="user.language" value="en"/>
    <property name="sun.boot.library.path" value="C:\Program Files\Java\jdk1.6.0_17\jre\bin"/>
    <property name="classworlds.conf" value="D:\technion\semester_h\SE_project\Iteration2\.metadata\.plugins\org.maven.ide.eclipse\launches\m2conf6020138926274170915.tmp"/>
    <property name="java.version" value="1.6.0_17"/>
    <property name="env.PROCESSOR_IDENTIFIER" value="x86 Family 6 Model 15 Stepping 6, GenuineIntel"/>
    <property name="user.timezone" value="Asia/Jerusalem"/>
    <property name="env.CLIENTNAME" value="Console"/>
    <property name="env.TEMP" value="C:\DOCUME~1\ADMINI~1\LOCALS~1\Temp"/>
    <property name="sun.arch.data.model" value="32"/>
    <property name="java.endorsed.dirs" value="C:\Program Files\Java\jdk1.6.0_17\jre\lib\endorsed"/>
    <property name="sun.cpu.isalist" value="pentium_pro+mmx pentium_pro pentium+mmx pentium i486 i386 i86"/>
    <property name="env.HOMEDRIVE" value="C:"/>
    <property name="sun.jnu.encoding" value="Cp1252"/>
    <property name="file.encoding.pkg" value="sun.io"/>
    <property name="file.separator" value="\"/>
    <property name="java.specification.name" value="Java Platform API Specification"/>
    <property name="java.class.version" value="50.0"/>
    <property name="user.country" value="US"/>
    <property name="java.home" value="C:\Program Files\Java\jdk1.6.0_17\jre"/>
    <property name="env.APPDATA" value="C:\Documents and Settings\Administrator\Application Data"/>
    <property name="java.vm.info" value="mixed mode, sharing"/>
    <property name="env.ComSpec" value="C:\WINDOWS\system32\cmd.exe"/>
    <property name="env.OS" value="Windows_NT"/>
    <property name="env.CommonProgramFiles" value="C:\Program Files\Common Files"/>
    <property name="os.version" value="5.1"/>
    <property name="path.separator" value=";"/>
    <property name="java.vm.version" value="14.3-b01"/>
    <property name="user.variant" value=""/>
    <property name="env.USERPROFILE" value="C:\Documents and Settings\Administrator"/>
    <property name="env.JAVA_HOME" value="C:\Program Files\Java\jdk1.6.0_17"/>
    <property name="java.awt.printerjob" value="sun.awt.windows.WPrinterJob"/>
    <property name="env.TMP" value="C:\DOCUME~1\ADMINI~1\LOCALS~1\Temp"/>
    <property name="sun.io.unicode.encoding" value="UnicodeLittle"/>
    <property name="awt.toolkit" value="sun.awt.windows.WToolkit"/>
    <property name="user.home" value="C:\Documents and Settings\Administrator"/>
    <property name="env.SESSIONNAME" value="Console"/>
    <property name="java.specification.vendor" value="Sun Microsystems Inc."/>
    <property name="env.NUMBER_OF_PROCESSORS" value="2"/>
    <property name="java.library.path" value="C:\Program Files\Java\jdk1.6.0_17\bin;.;C:\WINDOWS\Sun\Java\bin;C:\WINDOWS\system32;C:\WINDOWS;C:\Program Files\PC Connectivity Solution\;C:\WINDOWS\system32;C:\WINDOWS;C:\WINDOWS\System32\Wbem;C:\Program Files\TortoiseSVN\bin;D:\progs\apache-maven-2.2.1\bin;C:\Program Files\SSH Communications Security\SSH Secure Shell"/>
    <property name="java.vendor.url" value="http://java.sun.com/"/>
    <property name="java.vm.vendor" value="Sun Microsystems Inc."/>
    <property name="maven.home" value="EMBEDDED"/>
    <property name="java.runtime.name" value="Java(TM) SE Runtime Environment"/>
    <property name="java.class.path" value="/C:/Program Files/eclipse/plugins/org.maven.ide.components.maven_embedder_2.1.0.20080530-2300/jars/plexus-classworlds-1.2-alpha-12.jar"/>
    <property name="java.vm.specification.name" value="Java Virtual Machine Specification"/>
    <property name="env.LOGONSERVER" value="\\COM100"/>
    <property name="env.windir" value="C:\WINDOWS"/>
    <property name="java.vm.specification.version" value="1.0"/>
    <property name="env.PROCESSOR_ARCHITECTURE" value="x86"/>
    <property name="m2eclipse.workspace.state" value="D:\technion\semester_h\SE_project\Iteration2\.metadata\.plugins\org.maven.ide.eclipse\workspacestate.properties"/>
    <property name="sun.cpu.endian" value="little"/>
    <property name="sun.os.patch.level" value="Service Pack 3"/>
    <property name="surefire.test.class.path" value="D:\technion\semester_h\SE_project\Iteration2\task-module\target\test-classes;D:\technion\semester_h\SE_project\Iteration2\task-module\target\classes;C:\Documents and Settings\Administrator\.m2\repository\junit\junit\4.7\junit-4.7.jar;C:\Documents and Settings\Administrator\.m2\repository\org\antlr\antlr\3.2\antlr-3.2.jar;C:\Documents and Settings\Administrator\.m2\repository\org\antlr\antlr-runtime\3.2\antlr-runtime-3.2.jar;C:\Documents and Settings\Administrator\.m2\repository\org\antlr\stringtemplate\3.2\stringtemplate-3.2.jar;C:\Documents and Settings\Administrator\.m2\repository\antlr\antlr\2.7.7\antlr-2.7.7.jar;C:\Documents and Settings\Administrator\.m2\repository\org\antlr\antlr3-maven-plugin\3.2\antlr3-maven-plugin-3.2.jar;C:\Documents and Settings\Administrator\.m2\repository\org\apache\maven\maven-plugin-api\2.0\maven-plugin-api-2.0.jar;C:\Documents and Settings\Administrator\.m2\repository\org\apache\maven\maven-project\2.0\maven-project-2.0.jar;C:\Documents and Settings\Administrator\.m2\repository\org\apache\maven\maven-profile\2.0\maven-profile-2.0.jar;C:\Documents and Settings\Administrator\.m2\repository\org\apache\maven\maven-model\2.0\maven-model-2.0.jar;C:\Documents and Settings\Administrator\.m2\repository\org\codehaus\plexus\plexus-utils\1.0.4\plexus-utils-1.0.4.jar;C:\Documents and Settings\Administrator\.m2\repository\org\codehaus\plexus\plexus-container-default\1.0-alpha-8\plexus-container-default-1.0-alpha-8.jar;C:\Documents and Settings\Administrator\.m2\repository\classworlds\classworlds\1.1-alpha-2\classworlds-1.1-alpha-2.jar;C:\Documents and Settings\Administrator\.m2\repository\org\apache\maven\maven-artifact-manager\2.0\maven-artifact-manager-2.0.jar;C:\Documents and Settings\Administrator\.m2\repository\org\apache\maven\maven-repository-metadata\2.0\maven-repository-metadata-2.0.jar;C:\Documents and Settings\Administrator\.m2\repository\org\apache\maven\maven-artifact\2.0\maven-artifact-2.0.jar;C:\Documents and Settings\Administrator\.m2\repository\org\apache\maven\wagon\wagon-provider-api\1.0-alpha-5\wagon-provider-api-1.0-alpha-5.jar;C:\Documents and Settings\Administrator\.m2\repository\org\codehaus\plexus\plexus-compiler-api\1.5.3\plexus-compiler-api-1.5.3.jar;"/>
    <property name="env.ProgramFiles" value="C:\Program Files"/>
    <property name="java.io.tmpdir" value="C:\DOCUME~1\ADMINI~1\LOCALS~1\Temp\"/>
    <property name="env.PROCESSOR_REVISION" value="0f06"/>
    <property name="java.vendor.url.bug" value="http://java.sun.com/cgi-bin/bugreport.cgi"/>
    <property name="env.SystemRoot" value="C:\WINDOWS"/>
    <property name="java.awt.graphicsenv" value="sun.awt.Win32GraphicsEnvironment"/>
    <property name="os.arch" value="x86"/>
    <property name="java.ext.dirs" value="C:\Program Files\Java\jdk1.6.0_17\jre\lib\ext;C:\WINDOWS\Sun\Java\lib\ext"/>
    <property name="user.dir" value="D:\technion\semester_h\SE_project\Iteration2\task-module"/>
    <property name="line.separator" value="
"/>
    <property name="java.vm.name" value="Java HotSpot(TM) Client VM"/>
    <property name="env.PATHEXT" value=".COM;.EXE;.BAT;.CMD;.VBS;.VBE;.JS;.JSE;.WSF;.WSH"/>
    <property name="env.Path" value="C:\Program Files\PC Connectivity Solution\;C:\WINDOWS\system32;C:\WINDOWS;C:\WINDOWS\System32\Wbem;C:\Program Files\TortoiseSVN\bin;D:\progs\apache-maven-2.2.1\bin;C:\Program Files\SSH Communications Security\SSH Secure Shell"/>
    <property name="basedir" value="D:\technion\semester_h\SE_project\Iteration2\task-module"/>
    <property name="maven.mode.standalone" value="true"/>
    <property name="env.USERNAME" value="Administrator"/>
    <property name="env.SystemDrive" value="C:"/>
    <property name="file.encoding" value="Cp1252"/>
    <property name="env.USERDOMAIN" value="COM100"/>
    <property name="java.specification.version" value="1.6"/>
    <property name="env.PROCESSOR_LEVEL" value="6"/>
  </properties>
  <testcase time="5" classname="taskmodule.DataModel.DataModelTest" name="testAnalyze"/>
  <testcase time="1" classname="taskmodule.DataModel.DataModelTest" name="testSelectiveOrAnalyze"/>
  <testcase time="8" classname="taskmodule.DataModel.DataModelTest" name="testSelectiveOrAnalyzeStress"/>
  <testcase time="0.015" classname="taskmodule.DataModel.DataModelTest" name="testExportImportCSV"/>
  <testcase time="0" classname="taskmodule.DataModel.DataModelTest" name="testGetDataModelITask"/>
  <testcase time="0" classname="taskmodule.DataModel.DataModelTest" name="testGetDataModelSetOfITask"/>
</testsuite>